%!Adobe-FontList 1.16
%Locale:0x409

%BeginFont
Handler:DirectoryHandler
FontType:Type1
FontName:SlatePro-BkCondensed
FamilyName:Slate Pro
StyleName:Bk Condensed
FullName:Slate Pro Bk Condensed
MenuName:Slate Pro Bk Condensed
StyleBits:0
WritingScript:Roman
OutlineFileName:C:\Users\townsln\Desktop\Font\Monotype  - SlatePro-BkCondensed 2.otf
DataFormat:sfntData
UsesStandardEncoding:yes
isCFF:yes
FileLength:56884
FileModTime:1437417300
WeightClass:350
WidthClass:3
AngleClass:0
NameArray:0,Mac,4,Slate Pro Bk Condensed
NameArray:0,Win,1,Slate Pro Bk Condensed
NameArray:0,Win,16,Slate Pro
%EndFont

%BeginFont
Handler:DirectoryHandler
FontType:Type1
FontName:SlatePro-BkCondensed
FamilyName:Slate Pro
StyleName:Bk Condensed
FullName:Slate Pro Bk Condensed
MenuName:Slate Pro Bk Condensed
StyleBits:0
WritingScript:Roman
OutlineFileName:C:\Users\townsln\Desktop\Font\Monotype  - SlatePro-BkCondensed.otf
DataFormat:sfntData
UsesStandardEncoding:yes
isCFF:yes
FileLength:56884
FileModTime:1437417300
WeightClass:350
WidthClass:3
AngleClass:0
NameArray:0,Mac,4,Slate Pro Bk Condensed
NameArray:0,Win,1,Slate Pro Bk Condensed
NameArray:0,Win,16,Slate Pro
%EndFont

%BeginFont
Handler:DirectoryHandler
FontType:Type1
FontName:SlatePro-Black
FamilyName:Slate Pro
StyleName:Black
FullName:Slate Pro Black
MenuName:Slate Pro Black
StyleBits:0
WritingScript:Roman
OutlineFileName:C:\Users\townsln\Desktop\Font\Monotype  - SlatePro-Black.otf
DataFormat:sfntData
UsesStandardEncoding:yes
isCFF:yes
FileLength:80416
FileModTime:1431120838
WeightClass:900
WidthClass:5
AngleClass:0
NameArray:0,Mac,4,Slate Pro Black
NameArray:0,Win,1,Slate Pro Black
NameArray:0,Win,16,Slate Pro
%EndFont

%BeginFont
Handler:DirectoryHandler
FontType:Type1
FontName:SlatePro-Bold
FamilyName:Slate Pro
StyleName:Bold
FullName:Slate Pro Bold
MenuName:Slate Pro
StyleBits:2
WritingScript:Roman
OutlineFileName:C:\Users\townsln\Desktop\Font\Monotype  - SlatePro-Bold.otf
DataFormat:sfntData
UsesStandardEncoding:yes
isCFF:yes
FileLength:81312
FileModTime:1434387040
WeightClass:700
WidthClass:5
AngleClass:0
NameArray:0,Mac,4,Slate Pro Bold
NameArray:0,Win,1,Slate Pro
%EndFont

%BeginFont
Handler:DirectoryHandler
FontType:Type1
FontName:SlatePro-BoldItalic
FamilyName:Slate Pro
StyleName:Bold Italic
FullName:Slate Pro Bold Italic
MenuName:Slate Pro
StyleBits:3
WritingScript:Roman
OutlineFileName:C:\Users\townsln\Desktop\Font\Monotype  - SlatePro-BoldItalic.otf
DataFormat:sfntData
UsesStandardEncoding:yes
isCFF:yes
FileLength:61200
FileModTime:1434387040
WeightClass:700
WidthClass:5
AngleClass:1
NameArray:0,Mac,4,Slate Pro Bold Italic
NameArray:0,Win,1,Slate Pro
%EndFont

%BeginFont
Handler:DirectoryHandler
FontType:Type1
FontName:SlatePro-Italic
FamilyName:Slate Pro
StyleName:Italic
FullName:Slate Pro Italic
MenuName:Slate Pro
StyleBits:1
WritingScript:Roman
OutlineFileName:C:\Users\townsln\Desktop\Font\Monotype  - SlatePro-Italic.otf
DataFormat:sfntData
UsesStandardEncoding:yes
isCFF:yes
FileLength:59388
FileModTime:1434387040
WeightClass:400
WidthClass:5
AngleClass:1
NameArray:0,Mac,4,Slate Pro Italic
NameArray:0,Win,1,Slate Pro
%EndFont

%BeginFont
Handler:DirectoryHandler
FontType:Type1
FontName:SlatePro-Light
FamilyName:Slate Pro
StyleName:Light
FullName:Slate Pro Light
MenuName:Slate Pro Light
StyleBits:0
WritingScript:Roman
OutlineFileName:C:\Users\townsln\Desktop\Font\Monotype  - SlatePro-Light.otf
DataFormat:sfntData
UsesStandardEncoding:yes
isCFF:yes
FileLength:75404
FileModTime:1431120838
WeightClass:300
WidthClass:5
AngleClass:0
NameArray:0,Mac,4,Slate Pro Light
NameArray:0,Win,1,Slate Pro Light
NameArray:0,Win,16,Slate Pro
%EndFont

%BeginFont
Handler:DirectoryHandler
FontType:Invalid
OutlineFileName:C:\Users\townsln\Desktop\Font\Monotype  - SlatePro-Light.otf.zip
FileModTime:1446751852
%EndFont

%BeginFont
Handler:DirectoryHandler
FontType:Type1
FontName:SlatePro-LightItalic
FamilyName:Slate Pro
StyleName:Light Italic
FullName:Slate Pro Light Italic
MenuName:Slate Pro Light
StyleBits:1
WritingScript:Roman
OutlineFileName:C:\Users\townsln\Desktop\Font\Monotype  - SlatePro-LightItalic.otf
DataFormat:sfntData
UsesStandardEncoding:yes
isCFF:yes
FileLength:58904
FileModTime:1434387040
WeightClass:300
WidthClass:5
AngleClass:1
NameArray:0,Mac,4,Slate Pro Light Italic
NameArray:0,Win,1,Slate Pro Light
NameArray:0,Win,16,Slate Pro
%EndFont

%BeginFont
Handler:DirectoryHandler
FontType:Type1
FontName:SlatePro-Medium
FamilyName:Slate Pro
StyleName:Medium
FullName:Slate Pro Medium
MenuName:Slate Pro Medium
StyleBits:0
WritingScript:Roman
OutlineFileName:C:\Users\townsln\Desktop\Font\Monotype  - SlatePro-Medium.otf
DataFormat:sfntData
UsesStandardEncoding:yes
isCFF:yes
FileLength:80944
FileModTime:1434387040
WeightClass:500
WidthClass:5
AngleClass:0
NameArray:0,Mac,4,Slate Pro Medium
NameArray:0,Win,1,Slate Pro Medium
NameArray:0,Win,16,Slate Pro
%EndFont

%BeginFont
Handler:DirectoryHandler
FontType:Type1
FontName:SlatePro-MediumItalic
FamilyName:Slate Pro
StyleName:Medium Italic
FullName:Slate Pro Medium Italic
MenuName:Slate Pro Medium
StyleBits:1
WritingScript:Roman
OutlineFileName:C:\Users\townsln\Desktop\Font\Monotype  - SlatePro-MediumItalic.otf
DataFormat:sfntData
UsesStandardEncoding:yes
isCFF:yes
FileLength:60352
FileModTime:1434387040
WeightClass:500
WidthClass:5
AngleClass:1
NameArray:0,Mac,4,Slate Pro Medium Italic
NameArray:0,Win,1,Slate Pro Medium
NameArray:0,Win,16,Slate Pro
%EndFont

%BeginFont
Handler:DirectoryHandler
FontType:Type1
FontName:SlatePro
FamilyName:Slate Pro
StyleName:Regular
FullName:Slate Pro
MenuName:Slate Pro
StyleBits:0
WritingScript:Roman
OutlineFileName:C:\Users\townsln\Desktop\Font\Monotype  - SlatePro.otf
DataFormat:sfntData
UsesStandardEncoding:yes
isCFF:yes
FileLength:79000
FileModTime:1431120838
WeightClass:400
WidthClass:5
AngleClass:0
NameArray:0,Mac,4,Slate Pro
NameArray:0,Win,1,Slate Pro
%EndFont

%BeginFont
Handler:DirectoryHandler
FontType:Type1
FontName:SlatePro-BoldCondensed
FamilyName:Slate Pro
StyleName:Bold Condensed
FullName:Slate Pro Bold Condensed
MenuName:Slate Pro Condensed
StyleBits:2
WritingScript:Roman
OutlineFileName:C:\Users\townsln\Desktop\Font\SlatePro-BoldCondensed.otf
DataFormat:sfntData
UsesStandardEncoding:yes
isCFF:yes
FileLength:57724
FileModTime:1441987840
WeightClass:700
WidthClass:3
AngleClass:0
NameArray:0,Mac,4,Slate Pro Bold Condensed
NameArray:0,Win,1,Slate Pro Condensed
NameArray:0,Win,16,Slate Pro
%EndFont

%BeginFont
Handler:DirectoryHandler
FontType:Type1
FontName:SlatePro-LightCondensed
FamilyName:Slate Pro
StyleName:Light Condensed
FullName:Slate Pro Light Condensed
MenuName:Slate Pro Light Condensed
StyleBits:0
WritingScript:Roman
OutlineFileName:C:\Users\townsln\Desktop\Font\SlatePro-LightCondensed.otf
DataFormat:sfntData
UsesStandardEncoding:yes
isCFF:yes
FileLength:57248
FileModTime:1441987840
WeightClass:300
WidthClass:3
AngleClass:0
NameArray:0,Mac,4,Slate Pro Light Condensed
NameArray:0,Win,1,Slate Pro Light Condensed
NameArray:0,Win,16,Slate Pro
%EndFont

